2026-03-10 01:03:21,587 [INFO] Starting full scan: 3430 grid points, date=2026-03-10
2026-03-10 01:06:37,549 [INFO] Phase 1: Scanning 289 major cities, date=2026-03-10
2026-03-10 01:06:40,177 [INFO] [1/289] 北京 (39.90, 116.40) -> 34 found, 34 new | Total: 34
2026-03-10 01:06:42,253 [INFO] [2/289] 上海 (31.23, 121.47) -> 59 found, 59 new | Total: 93
2026-03-10 01:06:44,330 [INFO] [3/289] 天津 (39.13, 117.20) -> 52 found, 52 new | Total: 145
2026-03-10 01:06:45,974 [INFO] [4/289] 重庆 (29.56, 106.55) -> 31 found, 31 new | Total: 176
2026-03-10 01:06:48,138 [INFO] [5/289] 广州 (23.13, 113.26) -> 74 found, 74 new | Total: 250
2026-03-10 01:06:49,931 [INFO] [6/289] 深圳 (22.55, 114.06) -> 59 found, 59 new | Total: 309
2026-03-10 01:06:52,167 [INFO] [7/289] 佛山 (22.80, 113.10) -> 62 found, 21 new | Total: 330
2026-03-10 01:06:54,125 [INFO] [8/289] 东莞 (23.02, 113.75) -> 74 found, 16 new | Total: 346
2026-03-10 01:06:56,087 [INFO] [9/289] 中山 (22.52, 113.39) -> 49 found, 13 new | Total: 359
2026-03-10 01:06:57,683 [INFO] [10/289] 珠海 (22.28, 113.58) -> 30 found, 0 new | Total: 359
2026-03-10 01:06:59,141 [INFO] [11/289] 汕头 (23.35, 116.68) -> 12 found, 12 new | Total: 371
2026-03-10 01:07:00,881 [INFO] [12/289] 清远 (23.73, 113.05) -> 16 found, 7 new | Total: 378
2026-03-10 01:07:02,461 [INFO] [13/289] 肇庆 (22.78, 112.47) -> 4 found, 4 new | Total: 382
2026-03-10 01:07:03,918 [INFO] [14/289] 云浮 (23.02, 112.46) -> 3 found, 0 new | Total: 382
2026-03-10 01:07:05,506 [INFO] [15/289] 阳江 (21.86, 111.98) -> 7 found, 7 new | Total: 389
2026-03-10 01:07:06,954 [INFO] [16/289] 湛江 (21.44, 110.36) -> 4 found, 4 new | Total: 393
2026-03-10 01:07:08,405 [INFO] [17/289] 茂名 (21.66, 110.91) -> 4 found, 4 new | Total: 397
2026-03-10 01:07:09,860 [INFO] [18/289] 江门 (22.25, 111.07) -> 1 found, 0 new | Total: 397
2026-03-10 01:07:11,756 [INFO] [19/289] 惠州 (23.11, 114.42) -> 27 found, 14 new | Total: 411
2026-03-10 01:07:13,201 [INFO] [20/289] 梅州 (24.30, 116.12) -> 4 found, 4 new | Total: 415
2026-03-10 01:07:16,067 [INFO] [22/289] 河源 (23.43, 114.70) -> 5 found, 4 new | Total: 419
2026-03-10 01:07:17,657 [INFO] [23/289] 揭阳 (23.66, 116.62) -> 12 found, 1 new | Total: 420
2026-03-10 01:07:19,111 [INFO] [24/289] 潮州 (23.77, 116.37) -> 9 found, 0 new | Total: 420
2026-03-10 01:07:20,720 [INFO] [25/289] 韶关 (24.81, 113.60) -> 5 found, 5 new | Total: 425
2026-03-10 01:07:22,384 [INFO] [26/289] 南京 (32.06, 118.80) -> 26 found, 26 new | Total: 451
2026-03-10 01:07:24,053 [INFO] [27/289] 苏州 (31.30, 120.62) -> 31 found, 28 new | Total: 479
2026-03-10 01:07:25,739 [INFO] [28/289] 无锡 (31.49, 120.31) -> 40 found, 18 new | Total: 497
2026-03-10 01:07:27,340 [INFO] [29/289] 镇江 (32.30, 119.45) -> 19 found, 19 new | Total: 516
2026-03-10 01:07:29,010 [INFO] [30/289] 常州 (31.77, 120.75) -> 32 found, 10 new | Total: 526
2026-03-10 01:07:30,469 [INFO] [31/289] 扬州 (32.39, 120.21) -> 11 found, 8 new | Total: 534
2026-03-10 01:07:32,079 [INFO] [32/289] 泰州 (32.48, 119.90) -> 15 found, 0 new | Total: 534
2026-03-10 01:07:33,497 [INFO] [33/289] 淮安 (32.94, 119.17) -> 2 found, 2 new | Total: 536
2026-03-10 01:07:34,941 [INFO] [34/289] 宿迁 (33.96, 118.28) -> 3 found, 3 new | Total: 539
2026-03-10 01:07:36,378 [INFO] [35/289] 宿州 (33.37, 117.36) -> 3 found, 3 new | Total: 542
2026-03-10 01:07:37,832 [INFO] [36/289] 徐州 (34.26, 117.19) -> 8 found, 8 new | Total: 550
2026-03-10 01:07:39,430 [INFO] [37/289] 南通 (32.01, 120.87) -> 18 found, 0 new | Total: 550
2026-03-10 01:07:40,857 [INFO] [38/289] 盐城 (33.58, 119.03) -> 5 found, 5 new | Total: 555
2026-03-10 01:07:42,286 [INFO] [39/289] 连云港 (34.60, 119.22) -> 7 found, 7 new | Total: 562
2026-03-10 01:07:43,931 [INFO] [40/289] 杭州 (30.27, 120.15) -> 39 found, 39 new | Total: 601
2026-03-10 01:07:45,551 [INFO] [41/289] 宁波 (29.87, 121.55) -> 31 found, 31 new | Total: 632
2026-03-10 01:07:47,166 [INFO] [42/289] 温州 (28.00, 120.67) -> 19 found, 19 new | Total: 651
2026-03-10 01:07:48,613 [INFO] [43/289] 金华 (29.08, 119.65) -> 9 found, 9 new | Total: 660
2026-03-10 01:07:50,235 [INFO] [44/289] 嘉兴 (30.75, 120.75) -> 17 found, 11 new | Total: 671
2026-03-10 01:07:51,855 [INFO] [45/289] 绍兴 (30.00, 121.15) -> 27 found, 1 new | Total: 672
2026-03-10 01:07:53,303 [INFO] [46/289] 湖州 (30.87, 120.10) -> 5 found, 5 new | Total: 677
2026-03-10 01:07:54,742 [INFO] [47/289] 衢州 (28.97, 118.88) -> 6 found, 5 new | Total: 682
2026-03-10 01:07:56,377 [INFO] [48/289] 义乌 (29.16, 120.08) -> 14 found, 6 new | Total: 688
2026-03-10 01:07:57,982 [INFO] [49/289] 台州 (28.45, 121.42) -> 13 found, 13 new | Total: 701
2026-03-10 01:08:00,592 [INFO] [50/289] 丽水 (27.99, 120.70) -> 19 found, 0 new | Total: 701
2026-03-10 01:08:02,210 [INFO] [51/289] 舟山 (30.00, 122.10) -> 15 found, 3 new | Total: 704
2026-03-10 01:08:03,805 [INFO] [52/289] 济南 (36.65, 117.00) -> 16 found, 16 new | Total: 720
2026-03-10 01:08:05,559 [INFO] [53/289] 青岛 (36.07, 120.38) -> 17 found, 17 new | Total: 737
2026-03-10 01:08:07,148 [INFO] [54/289] 淄博 (36.81, 118.05) -> 12 found, 12 new | Total: 749
2026-03-10 01:08:08,573 [INFO] [55/289] 泰安 (36.19, 117.09) -> 4 found, 2 new | Total: 751
2026-03-10 01:08:10,169 [INFO] [56/289] 东营 (37.43, 118.68) -> 7 found, 7 new | Total: 758
2026-03-10 01:08:11,618 [INFO] [57/289] 潍坊 (36.71, 119.16) -> 10 found, 10 new | Total: 768
2026-03-10 01:08:13,079 [INFO] [58/289] 威海 (37.53, 121.39) -> 7 found, 7 new | Total: 775
2026-03-10 01:08:14,515 [INFO] [59/289] 烟台 (37.46, 121.45) -> 7 found, 0 new | Total: 775
2026-03-10 01:08:16,141 [INFO] [60/289] 济宁 (35.23, 116.59) -> 18 found, 18 new | Total: 793
2026-03-10 01:08:17,567 [INFO] [61/289] 日照 (35.42, 119.53) -> 5 found, 5 new | Total: 798
2026-03-10 01:08:19,164 [INFO] [62/289] 临沂 (35.07, 118.36) -> 16 found, 16 new | Total: 814
2026-03-10 01:08:20,596 [INFO] [63/289] 聊城 (36.27, 115.99) -> 6 found, 6 new | Total: 820
2026-03-10 01:08:22,042 [INFO] [64/289] 菏泽 (35.60, 116.00) -> 1 found, 0 new | Total: 820
2026-03-10 01:08:23,486 [INFO] [65/289] 德州 (37.36, 116.36) -> 3 found, 3 new | Total: 823
2026-03-10 01:08:26,530 [INFO] [67/289] 郑州 (34.76, 113.65) -> 25 found, 25 new | Total: 848
2026-03-10 01:08:28,136 [INFO] [68/289] 开封 (34.75, 114.35) -> 10 found, 10 new | Total: 858
2026-03-10 01:08:29,747 [INFO] [69/289] 洛阳 (34.68, 112.43) -> 17 found, 17 new | Total: 875
2026-03-10 01:08:31,196 [INFO] [70/289] 南阳 (33.00, 112.53) -> 11 found, 11 new | Total: 886
2026-03-10 01:08:32,618 [INFO] [71/289] 信阳 (32.98, 114.05) -> 6 found, 6 new | Total: 892
2026-03-10 01:08:34,061 [INFO] [72/289] 许昌 (34.03, 113.88) -> 11 found, 11 new | Total: 903
2026-03-10 01:08:35,664 [INFO] [73/289] 新乡 (35.19, 113.87) -> 20 found, 13 new | Total: 916
2026-03-10 01:08:37,103 [INFO] [74/289] 安阳 (35.31, 113.93) -> 7 found, 0 new | Total: 916
2026-03-10 01:08:38,655 [INFO] [75/289] 濮阳 (35.76, 114.35) -> 8 found, 8 new | Total: 924
2026-03-10 01:08:40,111 [INFO] [76/289] 平顶山 (33.88, 113.48) -> 12 found, 5 new | Total: 929
2026-03-10 01:08:41,720 [INFO] [77/289] 商丘 (34.78, 114.31) -> 14 found, 3 new | Total: 932
2026-03-10 01:08:43,151 [INFO] [78/289] 周口 (33.77, 115.82) -> 1 found, 1 new | Total: 933
2026-03-10 01:08:44,603 [INFO] [79/289] 驻马店 (32.30, 114.07) -> 6 found, 6 new | Total: 939
2026-03-10 01:08:46,366 [INFO] [80/289] 鹤壁 (36.08, 114.39) -> 9 found, 1 new | Total: 940
2026-03-10 01:08:49,535 [INFO] [82/289] 三门峡 (34.05, 112.58) -> 2 found, 1 new | Total: 941
2026-03-10 01:08:50,952 [INFO] [83/289] 漯河 (33.58, 114.65) -> 4 found, 4 new | Total: 945
2026-03-10 01:08:52,915 [INFO] [84/289] 成都 (30.57, 104.07) -> 49 found, 49 new | Total: 994
2026-03-10 01:08:54,336 [INFO] [85/289] 自贡 (29.35, 104.78) -> 5 found, 5 new | Total: 999
2026-03-10 01:08:56,218 [INFO] [86/289] 泸州 (28.88, 105.44) -> 5 found, 5 new | Total: 1004
2026-03-10 01:08:57,651 [INFO] [87/289] 内江 (29.58, 105.06) -> 5 found, 0 new | Total: 1004
2026-03-10 01:08:59,232 [INFO] [88/289] 南充 (30.80, 106.08) -> 8 found, 8 new | Total: 1012
2026-03-10 01:09:00,965 [INFO] [89/289] 德阳 (31.47, 104.17) -> 7 found, 7 new | Total: 1019
2026-03-10 01:09:02,593 [INFO] [90/289] 绵阳 (31.13, 104.68) -> 15 found, 7 new | Total: 1026
2026-03-10 01:09:05,466 [INFO] [92/289] 遂宁 (30.46, 105.57) -> 4 found, 4 new | Total: 1030
2026-03-10 01:09:07,106 [INFO] [93/289] 乐山 (29.58, 106.65) -> 31 found, 0 new | Total: 1030
2026-03-10 01:09:10,016 [INFO] [95/289] 眉山 (30.51, 103.50) -> 13 found, 2 new | Total: 1032
2026-03-10 01:09:11,464 [INFO] [96/289] 广安 (30.07, 107.50) -> 4 found, 4 new | Total: 1036
2026-03-10 01:09:17,394 [INFO] [100/289] 武汉 (30.59, 114.31) -> 41 found, 41 new | Total: 1077
2026-03-10 01:09:19,368 [INFO] [101/289] 黄石 (30.25, 115.04) -> 7 found, 7 new | Total: 1084
2026-03-10 01:09:20,816 [INFO] [102/289] 宜昌 (30.36, 109.49) -> 4 found, 4 new | Total: 1088
2026-03-10 01:09:22,571 [INFO] [103/289] 襄阳 (32.04, 112.14) -> 3 found, 3 new | Total: 1091
2026-03-10 01:09:24,153 [INFO] [104/289] 荆州 (30.70, 112.24) -> 3 found, 3 new | Total: 1094
2026-03-10 01:09:25,590 [INFO] [105/289] 鄂州 (30.40, 113.16) -> 8 found, 8 new | Total: 1102
2026-03-10 01:09:27,217 [INFO] [106/289] 黄冈 (30.50, 114.87) -> 19 found, 0 new | Total: 1102
2026-03-10 01:09:30,244 [INFO] [108/289] 孝感 (30.28, 115.65) -> 2 found, 1 new | Total: 1103
2026-03-10 01:09:31,664 [INFO] [109/289] 咸宁 (30.78, 115.97) -> 1 found, 0 new | Total: 1103
2026-03-10 01:09:33,120 [INFO] [110/289] 十堰 (32.63, 110.80) -> 2 found, 2 new | Total: 1105
2026-03-10 01:09:36,373 [INFO] [112/289] 长沙 (28.23, 112.94) -> 44 found, 44 new | Total: 1149
2026-03-10 01:09:37,998 [INFO] [113/289] 株洲 (27.83, 113.15) -> 33 found, 1 new | Total: 1150
2026-03-10 01:09:39,625 [INFO] [114/289] 湘潭 (27.83, 112.94) -> 37 found, 1 new | Total: 1151
2026-03-10 01:09:41,210 [INFO] [115/289] 衡阳 (26.89, 112.61) -> 6 found, 6 new | Total: 1157
2026-03-10 01:09:42,651 [INFO] [116/289] 岳阳 (29.36, 113.10) -> 4 found, 4 new | Total: 1161
2026-03-10 01:09:44,583 [INFO] [117/289] 常德 (29.04, 111.69) -> 4 found, 4 new | Total: 1165
2026-03-10 01:09:46,014 [INFO] [118/289] 邵阳 (27.22, 111.74) -> 7 found, 7 new | Total: 1172
2026-03-10 01:09:47,446 [INFO] [119/289] 益阳 (28.59, 112.35) -> 8 found, 5 new | Total: 1177
2026-03-10 01:09:48,875 [INFO] [120/289] 张家界 (29.15, 110.48) -> 1 found, 1 new | Total: 1178
2026-03-10 01:09:50,592 [INFO] [121/289] 怀化 (28.22, 109.74) -> 3 found, 3 new | Total: 1181
2026-03-10 01:09:52,157 [INFO] [122/289] 永州 (26.43, 111.61) -> 8 found, 8 new | Total: 1189
2026-03-10 01:09:53,739 [INFO] [123/289] 郴州 (25.77, 113.03) -> 5 found, 5 new | Total: 1194
2026-03-10 01:09:55,176 [INFO] [124/289] 娄底 (27.73, 109.97) -> 3 found, 3 new | Total: 1197
2026-03-10 01:09:56,601 [INFO] [125/289] 吉首 (27.25, 109.65) -> 3 found, 0 new | Total: 1197
2026-03-10 01:09:58,195 [INFO] [126/289] 石家庄 (38.04, 114.51) -> 21 found, 21 new | Total: 1218
2026-03-10 01:09:59,630 [INFO] [127/289] 唐山 (39.63, 118.18) -> 5 found, 5 new | Total: 1223
2026-03-10 01:10:01,072 [INFO] [128/289] 保定 (38.87, 115.47) -> 4 found, 4 new | Total: 1227
2026-03-10 01:10:02,805 [INFO] [129/289] 邯郸 (36.60, 114.49) -> 14 found, 13 new | Total: 1240
2026-03-10 01:10:04,422 [INFO] [130/289] 邢台 (37.07, 114.51) -> 19 found, 11 new | Total: 1251
2026-03-10 01:10:05,880 [INFO] [131/289] 沧州 (38.31, 116.84) -> 5 found, 5 new | Total: 1256
2026-03-10 01:10:07,621 [INFO] [132/289] 衡水 (37.73, 115.68) -> 2 found, 2 new | Total: 1258
2026-03-10 01:10:09,065 [INFO] [133/289] 张家口 (40.81, 114.88) -> 2 found, 2 new | Total: 1260
2026-03-10 01:10:12,130 [INFO] [135/289] 廊坊 (39.94, 116.70) -> 30 found, 2 new | Total: 1262
2026-03-10 01:10:13,572 [INFO] [136/289] 秦皇岛 (39.62, 119.60) -> 2 found, 2 new | Total: 1264
2026-03-10 01:10:15,172 [INFO] [137/289] 福州 (26.08, 119.30) -> 15 found, 15 new | Total: 1279
2026-03-10 01:10:16,794 [INFO] [138/289] 厦门 (24.48, 118.09) -> 21 found, 21 new | Total: 1300
2026-03-10 01:10:18,392 [INFO] [139/289] 泉州 (24.87, 118.68) -> 13 found, 12 new | Total: 1312
2026-03-10 01:10:19,817 [INFO] [140/289] 龙岩 (25.08, 117.02) -> 4 found, 4 new | Total: 1316
2026-03-10 01:10:21,252 [INFO] [141/289] 南平 (26.65, 118.18) -> 2 found, 2 new | Total: 1318
2026-03-10 01:10:22,715 [INFO] [142/289] 漳州 (24.51, 117.65) -> 12 found, 0 new | Total: 1318
2026-03-10 01:10:24,207 [INFO] [143/289] 三明 (26.27, 117.62) -> 5 found, 5 new | Total: 1323
2026-03-10 01:10:27,251 [INFO] [145/289] 莆田 (25.77, 119.01) -> 17 found, 3 new | Total: 1326
2026-03-10 01:10:28,882 [INFO] [146/289] 合肥 (31.82, 117.23) -> 33 found, 33 new | Total: 1359
2026-03-10 01:10:30,508 [INFO] [147/289] 芜湖 (31.35, 118.38) -> 14 found, 14 new | Total: 1373
2026-03-10 01:10:31,961 [INFO] [148/289] 亳州 (33.94, 116.79) -> 7 found, 3 new | Total: 1376
2026-03-10 01:10:33,380 [INFO] [149/289] 淮南 (32.63, 116.98) -> 5 found, 5 new | Total: 1381
2026-03-10 01:10:34,822 [INFO] [150/289] 蚌埠 (32.94, 117.37) -> 6 found, 0 new | Total: 1381
2026-03-10 01:10:36,276 [INFO] [151/289] 淮北 (33.97, 116.98) -> 13 found, 0 new | Total: 1381
2026-03-10 01:10:38,079 [INFO] [152/289] 马鞍山 (31.73, 118.84) -> 26 found, 0 new | Total: 1381
2026-03-10 01:10:39,509 [INFO] [153/289] 安庆 (30.67, 117.06) -> 2 found, 2 new | Total: 1383
2026-03-10 01:10:40,956 [INFO] [154/289] 阜阳 (33.27, 115.82) -> 8 found, 8 new | Total: 1391
2026-03-10 01:10:42,407 [INFO] [155/289] 滁州 (32.30, 118.32) -> 9 found, 2 new | Total: 1393
2026-03-10 01:10:43,847 [INFO] [156/289] 铜陵 (30.95, 117.36) -> 1 found, 0 new | Total: 1393
2026-03-10 01:10:45,302 [INFO] [157/289] 池州 (30.57, 117.05) -> 1 found, 0 new | Total: 1393
2026-03-10 01:10:46,731 [INFO] [158/289] 黄山 (29.72, 118.34) -> 2 found, 2 new | Total: 1395
2026-03-10 01:10:48,184 [INFO] [159/289] 宿州 (32.90, 117.02) -> 6 found, 0 new | Total: 1395
2026-03-10 01:10:49,628 [INFO] [160/289] 巢湖 (31.35, 117.81) -> 3 found, 2 new | Total: 1397
2026-03-10 01:10:51,066 [INFO] [161/289] 六安 (30.38, 115.73) -> 2 found, 0 new | Total: 1397
2026-03-10 01:10:52,682 [INFO] [162/289] 南昌 (28.68, 115.89) -> 15 found, 15 new | Total: 1412
2026-03-10 01:10:54,110 [INFO] [163/289] 九江 (28.95, 114.97) -> 3 found, 3 new | Total: 1415
2026-03-10 01:10:55,536 [INFO] [164/289] 宜春 (27.82, 114.93) -> 6 found, 6 new | Total: 1421
2026-03-10 01:10:58,406 [INFO] [166/289] 赣州 (25.86, 114.93) -> 6 found, 6 new | Total: 1427
2026-03-10 01:10:59,834 [INFO] [167/289] 上饶 (28.45, 117.97) -> 4 found, 4 new | Total: 1431
2026-03-10 01:11:01,291 [INFO] [168/289] 吉安 (27.11, 114.97) -> 6 found, 6 new | Total: 1437
2026-03-10 01:11:02,717 [INFO] [169/289] 鹰潭 (27.92, 116.36) -> 2 found, 2 new | Total: 1439
2026-03-10 01:11:04,187 [INFO] [170/289] 新余 (28.24, 117.02) -> 2 found, 2 new | Total: 1441
2026-03-10 01:11:05,610 [INFO] [171/289] 景德镇 (29.27, 115.99) -> 7 found, 7 new | Total: 1448
2026-03-10 01:11:07,044 [INFO] [172/289] 萍乡 (27.83, 114.38) -> 9 found, 4 new | Total: 1452
2026-03-10 01:11:09,283 [INFO] [173/289] 沈阳 (41.80, 123.43) -> 22 found, 22 new | Total: 1474
2026-03-10 01:11:10,901 [INFO] [174/289] 大连 (38.91, 121.60) -> 15 found, 15 new | Total: 1489
2026-03-10 01:11:13,761 [INFO] [176/289] 锦州 (41.12, 122.07) -> 3 found, 3 new | Total: 1492
2026-03-10 01:11:16,642 [INFO] [178/289] 朝阳 (41.77, 120.45) -> 1 found, 1 new | Total: 1493
2026-03-10 01:11:19,491 [INFO] [180/289] 铁岭 (41.86, 121.66) -> 1 found, 1 new | Total: 1494
2026-03-10 01:11:20,916 [INFO] [181/289] 盘锦 (41.30, 122.23) -> 3 found, 0 new | Total: 1494
2026-03-10 01:11:22,338 [INFO] [182/289] 阜新 (42.01, 121.66) -> 1 found, 0 new | Total: 1494
2026-03-10 01:11:23,792 [INFO] [183/289] 辽阳 (40.82, 122.27) -> 4 found, 1 new | Total: 1495
2026-03-10 01:11:26,637 [INFO] [185/289] 葫芦岛 (41.11, 121.13) -> 2 found, 2 new | Total: 1497
2026-03-10 01:11:28,076 [INFO] [186/289] 抚顺 (39.88, 121.80) -> 2 found, 2 new | Total: 1499
2026-03-10 01:11:29,694 [INFO] [187/289] 长春 (43.88, 125.32) -> 15 found, 15 new | Total: 1514
2026-03-10 01:11:31,123 [INFO] [188/289] 吉林 (43.84, 126.55) -> 1 found, 1 new | Total: 1515
2026-03-10 01:11:38,268 [INFO] [193/289] 白城 (43.50, 122.20) -> 2 found, 2 new | Total: 1517
2026-03-10 01:11:39,706 [INFO] [194/289] 延吉 (42.90, 129.47) -> 1 found, 1 new | Total: 1518
2026-03-10 01:11:41,153 [INFO] [195/289] 哈尔滨 (45.75, 126.65) -> 12 found, 12 new | Total: 1530
2026-03-10 01:11:42,598 [INFO] [196/289] 大庆 (46.63, 125.02) -> 2 found, 2 new | Total: 1532
2026-03-10 01:11:44,032 [INFO] [197/289] 齐齐哈尔 (47.35, 123.95) -> 2 found, 2 new | Total: 1534
2026-03-10 01:11:48,764 [INFO] [200/289] 鸡西 (45.30, 130.95) -> 1 found, 1 new | Total: 1535
2026-03-10 01:11:51,822 [INFO] [202/289] 乌兰浩特 (46.08, 122.08) -> 3 found, 3 new | Total: 1538
2026-03-10 01:11:57,705 [INFO] [206/289] 太原 (37.87, 112.55) -> 17 found, 17 new | Total: 1555
2026-03-10 01:11:59,298 [INFO] [207/289] 晋中 (37.85, 112.73) -> 17 found, 0 new | Total: 1555
2026-03-10 01:12:02,440 [INFO] [209/289] 临汾 (36.20, 111.52) -> 1 found, 1 new | Total: 1556
2026-03-10 01:12:03,853 [INFO] [210/289] 长治 (36.08, 113.12) -> 6 found, 6 new | Total: 1562
2026-03-10 01:12:05,612 [INFO] [211/289] 运城 (35.03, 110.99) -> 9 found, 9 new | Total: 1571
2026-03-10 01:12:09,927 [INFO] [214/289] 晋城 (35.50, 112.85) -> 1 found, 1 new | Total: 1572
2026-03-10 01:12:11,362 [INFO] [215/289] 阳泉 (37.05, 112.13) -> 2 found, 2 new | Total: 1574
2026-03-10 01:12:13,310 [INFO] [216/289] 西安 (34.26, 108.94) -> 60 found, 60 new | Total: 1634
2026-03-10 01:12:15,086 [INFO] [217/289] 渭南 (34.37, 109.51) -> 20 found, 5 new | Total: 1639
2026-03-10 01:12:16,503 [INFO] [218/289] 宝鸡 (34.26, 107.24) -> 2 found, 2 new | Total: 1641
2026-03-10 01:12:17,929 [INFO] [219/289] 汉中 (33.07, 107.03) -> 6 found, 6 new | Total: 1647
2026-03-10 01:12:19,516 [INFO] [220/289] 延安 (36.60, 109.49) -> 4 found, 4 new | Total: 1651
2026-03-10 01:12:20,944 [INFO] [221/289] 咸阳 (34.52, 109.93) -> 6 found, 1 new | Total: 1652
2026-03-10 01:12:22,380 [INFO] [222/289] 商洛 (33.87, 109.97) -> 1 found, 1 new | Total: 1653
2026-03-10 01:12:23,799 [INFO] [223/289] 安康 (32.68, 109.03) -> 1 found, 1 new | Total: 1654
2026-03-10 01:12:25,216 [INFO] [224/289] 榆林 (38.27, 109.78) -> 9 found, 9 new | Total: 1663
2026-03-10 01:12:28,280 [INFO] [226/289] 南宁 (22.82, 108.37) -> 24 found, 24 new | Total: 1687
2026-03-10 01:12:29,719 [INFO] [227/289] 桂林 (25.28, 110.29) -> 9 found, 9 new | Total: 1696
2026-03-10 01:12:31,162 [INFO] [228/289] 柳州 (24.33, 109.43) -> 9 found, 9 new | Total: 1705
2026-03-10 01:12:32,589 [INFO] [229/289] 钦州 (21.97, 108.62) -> 1 found, 1 new | Total: 1706
2026-03-10 01:12:35,475 [INFO] [231/289] 玉林 (21.95, 111.30) -> 1 found, 0 new | Total: 1706
2026-03-10 01:12:38,329 [INFO] [233/289] 崇左 (22.08, 107.36) -> 2 found, 2 new | Total: 1708
2026-03-10 01:12:42,636 [INFO] [236/289] 来宾 (23.79, 109.13) -> 2 found, 2 new | Total: 1710
2026-03-10 01:12:44,085 [INFO] [237/289] 贵港 (23.10, 110.18) -> 3 found, 3 new | Total: 1713
2026-03-10 01:12:45,536 [INFO] [238/289] 梧州 (22.63, 110.15) -> 4 found, 1 new | Total: 1714
2026-03-10 01:12:47,101 [INFO] [239/289] 昆明 (25.04, 102.71) -> 8 found, 8 new | Total: 1722
2026-03-10 01:12:51,390 [INFO] [242/289] 玉溪 (24.35, 102.55) -> 3 found, 3 new | Total: 1725
2026-03-10 01:12:52,830 [INFO] [243/289] 红河 (23.36, 103.38) -> 2 found, 2 new | Total: 1727
2026-03-10 01:12:55,685 [INFO] [245/289] 曲靖 (25.50, 103.80) -> 4 found, 4 new | Total: 1731
2026-03-10 01:13:03,018 [INFO] [250/289] 贵阳 (26.65, 106.71) -> 15 found, 15 new | Total: 1746
2026-03-10 01:13:04,464 [INFO] [251/289] 遵义 (27.72, 106.93) -> 8 found, 8 new | Total: 1754
2026-03-10 01:13:07,341 [INFO] [253/289] 凯里 (26.25, 107.88) -> 5 found, 5 new | Total: 1759
2026-03-10 01:13:12,224 [INFO] [256/289] 毕节 (26.05, 105.76) -> 3 found, 3 new | Total: 1762
2026-03-10 01:13:16,541 [INFO] [259/289] 海口 (20.02, 110.35) -> 10 found, 10 new | Total: 1772
2026-03-10 01:13:17,988 [INFO] [260/289] 三亚 (18.25, 109.50) -> 5 found, 5 new | Total: 1777
2026-03-10 01:13:19,478 [INFO] [261/289] 儋州 (19.52, 109.95) -> 1 found, 1 new | Total: 1778
2026-03-10 01:13:24,238 [INFO] [264/289] 兰州 (36.06, 103.83) -> 22 found, 22 new | Total: 1800
2026-03-10 01:13:25,675 [INFO] [265/289] 张掖 (39.73, 98.50) -> 3 found, 3 new | Total: 1803
2026-03-10 01:13:27,107 [INFO] [266/289] 敦煌 (40.14, 94.66) -> 1 found, 1 new | Total: 1804
2026-03-10 01:13:28,526 [INFO] [267/289] 天水 (34.58, 105.75) -> 1 found, 1 new | Total: 1805
2026-03-10 01:13:29,956 [INFO] [268/289] 武威 (37.93, 102.64) -> 4 found, 4 new | Total: 1809
2026-03-10 01:13:34,256 [INFO] [271/289] 银川 (38.47, 106.27) -> 13 found, 13 new | Total: 1822
2026-03-10 01:13:38,536 [INFO] [274/289] 西宁 (36.62, 101.78) -> 3 found, 3 new | Total: 1825
2026-03-10 01:13:39,960 [INFO] [275/289] 海东 (36.30, 102.10) -> 3 found, 0 new | Total: 1825
2026-03-10 01:13:41,404 [INFO] [276/289] 拉萨 (29.65, 91.10) -> 1 found, 1 new | Total: 1826
2026-03-10 01:13:44,242 [INFO] [278/289] 乌鲁木齐 (43.80, 87.60) -> 12 found, 12 new | Total: 1838
2026-03-10 01:13:47,261 [INFO] [280/289] 喀什 (39.47, 76.00) -> 8 found, 8 new | Total: 1846
2026-03-10 01:13:53,733 [INFO] [284/289] 呼和浩特 (40.82, 111.67) -> 12 found, 12 new | Total: 1858
2026-03-10 01:13:55,162 [INFO] [285/289] 包头 (40.66, 109.84) -> 5 found, 5 new | Total: 1863
2026-03-10 01:13:56,586 [INFO] [286/289] 通辽 (43.60, 122.27) -> 2 found, 0 new | Total: 1863
2026-03-10 01:13:58,020 [INFO] [287/289] 赤峰 (42.27, 118.96) -> 6 found, 6 new | Total: 1869
2026-03-10 01:13:59,447 [INFO] [288/289] 海拉尔 (49.21, 119.77) -> 1 found, 1 new | Total: 1870
2026-03-10 01:14:00,894 [INFO] [289/289] 鄂尔多斯 (40.65, 110.00) -> 5 found, 0 new | Total: 1870
2026-03-10 01:14:01,195 [INFO] Phase 1 done: 1870 unique stations from major cities
2026-03-10 01:14:01,195 [INFO] Phase 2: Grid scan (3430 points) for coverage gaps
2026-03-10 01:15:23,938 [ERROR] Request failed at (18.0, 115.3): HTTPSConnectionPool(host='chargeapp-cn.byd.auto', port=443): Read timed out. (read timeout=15)
